[0.032s] Invoking command in '/home/oleg/Documents/Github/IcicleSpy3/device/build/iciclespy_msg': CMAKE_PREFIX_PATH=/opt/ros/eloquent /usr/local/bin/cmake --build /home/oleg/Documents/Github/IcicleSpy3/device/build/iciclespy_msg -- -j8 -l8
[0.046s] -- Found ament_cmake: 0.8.2 (/opt/ros/eloquent/share/ament_cmake/cmake)
[0.067s] -- Found PythonInterp: /usr/bin/python3 (found suitable version "3.6.9", minimum required is "3") 
[0.067s] -- Using PYTHON_EXECUTABLE: /usr/bin/python3
[0.280s] -- Found sensor_msgs: 0.8.1 (/opt/ros/eloquent/share/sensor_msgs/cmake)
[0.308s] -- Found rosidl_adapter: 0.8.2 (/opt/ros/eloquent/share/rosidl_adapter/cmake)
[0.372s] -- Found rosidl_default_generators: 0.8.0 (/opt/ros/eloquent/share/rosidl_default_generators/cmake)
[0.465s] -- Found PythonInterp: /usr/bin/python3 (found version "3.6.9") 
[0.572s] CMake Error at /opt/ros/eloquent/share/rosidl_adapter/cmake/rosidl_adapt_interfaces.cmake:60 (message):
[0.572s]   execute_process(/usr/bin/python3 -m rosidl_adapter --package-name
[0.573s]   iciclespy_msg --arguments-file
[0.573s]   /home/oleg/Documents/Github/IcicleSpy3/device/build/iciclespy_msg/rosidl_adapter__arguments__iciclespy_msg.json
[0.574s]   --output-dir
[0.574s]   /home/oleg/Documents/Github/IcicleSpy3/device/build/iciclespy_msg/rosidl_adapter/iciclespy_msg
[0.575s]   --output-file
[0.575s]   /home/oleg/Documents/Github/IcicleSpy3/device/build/iciclespy_msg/rosidl_adapter/iciclespy_msg.idls)
[0.576s]   returned error code 1:
[0.576s] 
[0.577s]   Error with: iciclespy_msg ImageMsgRequest_Response sensor_msgs/Image
[0.578s] 
[0.578s]   Traceback (most recent call last):
[0.578s] 
[0.578s]     File "/usr/lib/python3.6/runpy.py", line 193, in _run_module_as_main
[0.579s]       "__main__", mod_spec)
[0.579s]     File "/usr/lib/python3.6/runpy.py", line 85, in _run_code
[0.579s]       exec(code, run_globals)
[0.579s]     File "/opt/ros/eloquent/lib/python3.6/site-packages/rosidl_adapter/__main__.py", line 19, in <module>
[0.579s]       sys.exit(main())
[0.580s]     File "/opt/ros/eloquent/lib/python3.6/site-packages/rosidl_adapter/main.py", line 55, in main
[0.580s]       pathlib.Path(relative_path), output_dir)
[0.580s]     File "/opt/ros/eloquent/lib/python3.6/site-packages/rosidl_adapter/__init__.py", line 25, in convert_to_idl
[0.580s]       package_dir, package_name, interface_file, output_dir / 'srv')
[0.581s]     File "/opt/ros/eloquent/lib/python3.6/site-packages/rosidl_adapter/srv/__init__.py", line 28, in convert_srv_to_idl
[0.581s]       srv = parse_service_string(package_name, input_file.stem, content)
[0.582s]     File "/opt/ros/eloquent/lib/python3.6/site-packages/rosidl_adapter/parser.py", line 841, in parse_service_string
[0.582s]       pkg_name, srv_name + SERVICE_RESPONSE_MESSAGE_SUFFIX, response_message_string)
[0.582s]     File "/opt/ros/eloquent/lib/python3.6/site-packages/rosidl_adapter/parser.py", line 497, in parse_message_string
[0.582s]       raise InvalidFieldDefinition(line)
[0.582s] 
[0.582s]   rosidl_adapter.parser.InvalidFieldDefinition: sensor_msgs/Image
[0.582s] 
[0.582s] Call Stack (most recent call first):
[0.583s]   /opt/ros/eloquent/share/rosidl_cmake/cmake/rosidl_generate_interfaces.cmake:130 (rosidl_adapt_interfaces)
[0.583s]   CMakeLists.txt:26 (rosidl_generate_interfaces)
[0.583s] 
[0.583s] 
[0.583s] -- Configuring incomplete, errors occurred!
[0.583s] See also "/home/oleg/Documents/Github/IcicleSpy3/device/build/iciclespy_msg/CMakeFiles/CMakeOutput.log".
[0.583s] Makefile:963: recipe for target 'cmake_check_build_system' failed
[0.583s] make: *** [cmake_check_build_system] Error 1
[0.584s] Invoked command in '/home/oleg/Documents/Github/IcicleSpy3/device/build/iciclespy_msg' returned '2': CMAKE_PREFIX_PATH=/opt/ros/eloquent /usr/local/bin/cmake --build /home/oleg/Documents/Github/IcicleSpy3/device/build/iciclespy_msg -- -j8 -l8
