In file included from [01m[K/home/oleg/Documents/Github/IcicleSpy3/device/build/iciclespy_msg/rosidl_generator_c/iciclespy_msg/srv/image_msg_request__functions.h:19:0[m[K,
                 from [01m[K/home/oleg/Documents/Github/IcicleSpy3/device/build/iciclespy_msg/rosidl_generator_c/iciclespy_msg/srv/image_msg_request__functions.c:4[m[K:
[01m[K/home/oleg/Documents/Github/IcicleSpy3/device/build/iciclespy_msg/rosidl_generator_c/iciclespy_msg/srv/image_msg_request__struct.h:41:10:[m[K [01;31m[Kfatal error: [m[Kiciclespy_msg/msg/image__struct.h: No such file or directory
 #include [01;31m[K"iciclespy_msg/msg/image__struct.h"[m[K
          [01;31m[K^~~~~~~~~~~~~~~~~~~~~~~~~~~~~~~~~~~[m[K
compilation terminated.
In file included from [01m[K/home/oleg/Documents/Github/IcicleSpy3/device/build/iciclespy_msg/rosidl_generator_c/iciclespy_msg/msg/image_msg_request__functions.h:19:0[m[K,
                 from [01m[K/home/oleg/Documents/Github/IcicleSpy3/device/build/iciclespy_msg/rosidl_generator_c/iciclespy_msg/msg/image_msg_request__functions.c:4[m[K:
[01m[K/home/oleg/Documents/Github/IcicleSpy3/device/build/iciclespy_msg/rosidl_generator_c/iciclespy_msg/msg/image_msg_request__struct.h:22:10:[m[K [01;31m[Kfatal error: [m[Kiciclespy_msg/msg/image__struct.h: No such file or directory
 #include [01;31m[K"iciclespy_msg/msg/image__struct.h"[m[K
          [01;31m[K^~~~~~~~~~~~~~~~~~~~~~~~~~~~~~~~~~~[m[K
compilation terminated.
make[2]: *** [CMakeFiles/iciclespy_msg__rosidl_generator_c.dir/rosidl_generator_c/iciclespy_msg/srv/image_msg_request__functions.c.o] Error 1
make[2]: *** Waiting for unfinished jobs....
make[2]: *** [CMakeFiles/iciclespy_msg__rosidl_generator_c.dir/rosidl_generator_c/iciclespy_msg/msg/image_msg_request__functions.c.o] Error 1
make[1]: *** [CMakeFiles/iciclespy_msg__rosidl_generator_c.dir/all] Error 2
make[1]: *** Waiting for unfinished jobs....
In file included from [01m[K/home/oleg/Documents/Github/IcicleSpy3/device/build/iciclespy_msg/rosidl_typesupport_introspection_cpp/iciclespy_msg/msg/image_msg_request__type_support.cpp:12:0[m[K:
[01m[K/home/oleg/Documents/Github/IcicleSpy3/device/build/iciclespy_msg/rosidl_generator_cpp/iciclespy_msg/msg/image_msg_request__struct.hpp:19:10:[m[K [01;31m[Kfatal error: [m[Kiciclespy_msg/msg/image__struct.hpp: No such file or directory
 #include [01;31m[K"iciclespy_msg/msg/image__struct.hpp"[m[K
          [01;31m[K^~~~~~~~~~~~~~~~~~~~~~~~~~~~~~~~~~~~~[m[K
compilation terminated.
In file included from [01m[K/home/oleg/Documents/Github/IcicleSpy3/device/build/iciclespy_msg/rosidl_typesupport_introspection_cpp/iciclespy_msg/srv/image_msg_request__type_support.cpp:12:0[m[K:
[01m[K/home/oleg/Documents/Github/IcicleSpy3/device/build/iciclespy_msg/rosidl_generator_cpp/iciclespy_msg/srv/image_msg_request__struct.hpp:133:10:[m[K [01;31m[Kfatal error: [m[Kiciclespy_msg/msg/image__struct.hpp: No such file or directory
 #include [01;31m[K"iciclespy_msg/msg/image__struct.hpp"[m[K
          [01;31m[K^~~~~~~~~~~~~~~~~~~~~~~~~~~~~~~~~~~~~[m[K
compilation terminated.
make[2]: *** [CMakeFiles/iciclespy_msg__rosidl_typesupport_introspection_cpp.dir/rosidl_typesupport_introspection_cpp/iciclespy_msg/srv/image_msg_request__type_support.cpp.o] Error 1
make[2]: *** Waiting for unfinished jobs....
make[2]: *** [CMakeFiles/iciclespy_msg__rosidl_typesupport_introspection_cpp.dir/rosidl_typesupport_introspection_cpp/iciclespy_msg/msg/image_msg_request__type_support.cpp.o] Error 1
make[1]: *** [CMakeFiles/iciclespy_msg__rosidl_typesupport_introspection_cpp.dir/all] Error 2
In file included from [01m[K/home/oleg/Documents/Github/IcicleSpy3/device/build/iciclespy_msg/rosidl_typesupport_fastrtps_cpp/iciclespy_msg/msg/image_msg_request__rosidl_typesupport_fastrtps_cpp.hpp:11:0[m[K,
                 from [01m[K/home/oleg/Documents/Github/IcicleSpy3/device/build/iciclespy_msg/rosidl_typesupport_fastrtps_cpp/iciclespy_msg/msg/dds_fastrtps/image_msg_request__type_support.cpp:4[m[K:
[01m[K/home/oleg/Documents/Github/IcicleSpy3/device/build/iciclespy_msg/rosidl_generator_cpp/iciclespy_msg/msg/image_msg_request__struct.hpp:19:10:[m[K [01;31m[Kfatal error: [m[Kiciclespy_msg/msg/image__struct.hpp: No such file or directory
 #include [01;31m[K"iciclespy_msg/msg/image__struct.hpp"[m[K
          [01;31m[K^~~~~~~~~~~~~~~~~~~~~~~~~~~~~~~~~~~~~[m[K
compilation terminated.
In file included from [01m[K/home/oleg/Documents/Github/IcicleSpy3/device/build/iciclespy_msg/rosidl_typesupport_fastrtps_cpp/iciclespy_msg/srv/image_msg_request__rosidl_typesupport_fastrtps_cpp.hpp:11:0[m[K,
                 from [01m[K/home/oleg/Documents/Github/IcicleSpy3/device/build/iciclespy_msg/rosidl_typesupport_fastrtps_cpp/iciclespy_msg/srv/dds_fastrtps/image_msg_request__type_support.cpp:4[m[K:
[01m[K/home/oleg/Documents/Github/IcicleSpy3/device/build/iciclespy_msg/rosidl_generator_cpp/iciclespy_msg/srv/image_msg_request__struct.hpp:133:10:[m[K [01;31m[Kfatal error: [m[Kiciclespy_msg/msg/image__struct.hpp: No such file or directory
 #include [01;31m[K"iciclespy_msg/msg/image__struct.hpp"[m[K
          [01;31m[K^~~~~~~~~~~~~~~~~~~~~~~~~~~~~~~~~~~~~[m[K
compilation terminated.
make[2]: *** [CMakeFiles/iciclespy_msg__rosidl_typesupport_fastrtps_cpp.dir/rosidl_typesupport_fastrtps_cpp/iciclespy_msg/msg/dds_fastrtps/image_msg_request__type_support.cpp.o] Error 1
make[2]: *** Waiting for unfinished jobs....
make[2]: *** [CMakeFiles/iciclespy_msg__rosidl_typesupport_fastrtps_cpp.dir/rosidl_typesupport_fastrtps_cpp/iciclespy_msg/srv/dds_fastrtps/image_msg_request__type_support.cpp.o] Error 1
make[1]: *** [CMakeFiles/iciclespy_msg__rosidl_typesupport_fastrtps_cpp.dir/all] Error 2
make: *** [all] Error 2
